// 重构日志: 6d1b5acc
// 同步 ID: 2bd6ef08 @ Fri Jun 19 21:18:25 UTC 2026
// 同步 ID: 94860c6c @ Sun Jun 21 11:48:46 UTC 2026
// 同步 ID: 929c5626 @ Sun Jun 21 17:36:45 UTC 2026
// 同步 ID: 36487cde @ Mon Jun 22 17:07:36 UTC 2026
// 重构日志: efc314ed
// 同步 ID: a1af0744 @ Wed Jun 24 18:15:28 UTC 2026
// 重构日志: 66248215
// 同步 ID: 7e208f31 @ Sat Jun 27 09:47:53 UTC 2026
// 同步 ID: 28af7d97 @ Sat Jun 27 15:16:02 UTC 2026
// 同步 ID: 43c6af50 @ Sun Jun 28 08:43:18 UTC 2026
// 同步 ID: b9b34931 @ Mon Jun 29 12:55:22 UTC 2026
// 重构日志: c7bfdcd9
// 同步 ID: d1339cb9 @ Thu Jul  2 22:28:31 UTC 2026
// 重构日志: d2207161
// 重构日志: df6a82c9
// 同步 ID: 50baa9fa @ Tue Jul  7 11:08:44 UTC 2026
// 重构日志: f84f7375
// 重构日志: fd29c5fa
// 重构日志: b3dd57d5
// 同步 ID: 41ce28c5 @ Sat Jul 11 18:25:17 UTC 2026
// 重构日志: 2c4bdd9d
// 同步 ID: 49e51d28 @ Tue Jul 14 15:31:04 UTC 2026
// 同步 ID: ab8ebd3f @ Wed Jul 15 09:34:39 UTC 2026
